<?xml version="1.0" encoding="UTF-8" ?>
<testsuite failures="1" time="0.171" errors="0" skipped="0" tests="1" name="com.annotation.constraint.validation.test.StringCaseValidationTest">
  <properties>
    <property name="java.runtime.name" value="Java(TM) SE Runtime Environment"/>
    <property name="sun.boot.library.path" value="D:\Java\jdk1.7.0.21\jre\bin"/>
    <property name="java.vm.version" value="23.21-b01"/>
    <property name="java.vm.vendor" value="Oracle Corporation"/>
    <property name="java.vendor.url" value="http://java.oracle.com/"/>
    <property name="path.separator" value=";"/>
    <property name="java.vm.name" value="Java HotSpot(TM) Client VM"/>
    <property name="file.encoding.pkg" value="sun.io"/>
    <property name="user.script" value=""/>
    <property name="user.country" value="IE"/>
    <property name="sun.java.launcher" value="SUN_STANDARD"/>
    <property name="sun.os.patch.level" value="Service Pack 1"/>
    <property name="java.vm.specification.name" value="Java Virtual Machine Specification"/>
    <property name="user.dir" value="D:\Java_Workspace\ValidationDemo"/>
    <property name="java.runtime.version" value="1.7.0_21-b11"/>
    <property name="java.awt.graphicsenv" value="sun.awt.Win32GraphicsEnvironment"/>
    <property name="basedir" value="D:\Java_Workspace\ValidationDemo"/>
    <property name="java.endorsed.dirs" value="D:\Java\jdk1.7.0.21\jre\lib\endorsed"/>
    <property name="os.arch" value="x86"/>
    <property name="surefire.real.class.path" value="D:\Java_Workspace\ValidationDemo\target\surefire\surefirebooter242679132572803680.jar"/>
    <property name="java.io.tmpdir" value="C:\Users\KENARA~1\AppData\Local\Temp\"/>
    <property name="line.separator" value="
"/>
    <property name="java.vm.specification.vendor" value="Oracle Corporation"/>
    <property name="user.variant" value=""/>
    <property name="os.name" value="Windows 7"/>
    <property name="sun.jnu.encoding" value="Cp1252"/>
    <property name="java.library.path" value="D:\Java\jdk1.7.0.21\jre\bin;C:\windows\Sun\Java\bin;C:\windows\system32;C:\windows;C:\Program Files\Common Files\Microsoft Shared\Windows Live;C:\Program Files (x86)\Common Files\Microsoft Shared\Windows Live;C:\Program Files\IBM\RationalSDLC\common;C:\windows\system32;C:\windows;C:\windows\System32\Wbem;C:\windows\System32\WindowsPowerShell\v1.0\;C:\windows\System32\WindowsPowerShell\v1.0\;D:\Java\jdk1.7.0.21\bin;D:\Java\apache-maven-3.0.4\bin;C:\Program Files\Microsoft SQL Server\110\Tools\Binn\;C:\Program Files (x86)\Microsoft SQL Server\110\Tools\Binn\ManagementStudio\;C:\Program Files (x86)\Microsoft SQL Server\110\Tools\Binn\;C:\Program Files (x86)\Microsoft SQL Server\110\DTS\Binn\;C:\Program Files\IBM\RationalSDLC\ClearCase\bin;D:\Java\apache-ant-1.8.3\bin;C:\Program Files (x86)\Graphviz2.34\bin;C:\Program Files (x86)\Intel\OpenCL SDK\2.0\bin\x86;C:\Program Files (x86)\Intel\OpenCL SDK\2.0\bin\x64;C:\Program Files (x86)\WinMerge;C:\Program Files (x86)\Windows Live\Shared;C:\Program Files\TortoiseSVN\bin;D:\java\apache-maven-3.0.4\bin;D:\java\jdk1.6.0_26\bin;C:\windows\system32;C:\windows;C:\windows\System32\Wbem;C:\windows\System32\WindowsPowerShell\v1.0\;C:\windows\System32\WindowsPowerShell\v1.0\;D:\Java\jdk1.7.0.21\bin;D:\Java\apache-maven-3.0.4\bin;;."/>
    <property name="surefire.test.class.path" value="D:\Java_Workspace\ValidationDemo\target\test-classes;D:\Java_Workspace\ValidationDemo\target\classes;D:\Userfiles\kenarayan\.m2\repository\org\slf4j\slf4j-log4j12\1.5.6\slf4j-log4j12-1.5.6.jar;D:\Userfiles\kenarayan\.m2\repository\org\slf4j\slf4j-api\1.5.6\slf4j-api-1.5.6.jar;D:\Userfiles\kenarayan\.m2\repository\log4j\log4j\1.2.14\log4j-1.2.14.jar;D:\Userfiles\kenarayan\.m2\repository\org\hibernate\hibernate-validator-annotation-processor\4.1.0.Final\hibernate-validator-annotation-processor-4.1.0.Final.jar;D:\Userfiles\kenarayan\.m2\repository\org\hibernate\hibernate-validator\4.1.0.Final\hibernate-validator-4.1.0.Final.jar;D:\Userfiles\kenarayan\.m2\repository\org\jboss\spec\javax\annotation\jboss-annotations-api_1.1_spec\1.0.0.Final\jboss-annotations-api_1.1_spec-1.0.0.Final.jar;D:\Userfiles\kenarayan\.m2\repository\org\jboss\spec\javax\resource\jboss-connector-api_1.5_spec\1.0.0.Final\jboss-connector-api_1.5_spec-1.0.0.Final.jar;D:\Userfiles\kenarayan\.m2\repository\org\jboss\spec\javax\ejb\jboss-ejb-api_3.1_spec\1.0.0.Final\jboss-ejb-api_3.1_spec-1.0.0.Final.jar;D:\Userfiles\kenarayan\.m2\repository\javax\xml\jaxrpc-api\1.1\jaxrpc-api-1.1.jar;D:\Userfiles\kenarayan\.m2\repository\org\jboss\spec\javax\el\jboss-el-api_2.2_spec\1.0.0.Final\jboss-el-api_2.2_spec-1.0.0.Final.jar;D:\Userfiles\kenarayan\.m2\repository\org\jboss\spec\javax\interceptor\jboss-interceptors-api_1.1_spec\1.0.0.Final\jboss-interceptors-api_1.1_spec-1.0.0.Final.jar;D:\Userfiles\kenarayan\.m2\repository\org\jboss\spec\javax\security\jacc\jboss-jacc-api_1.4_spec\1.0.0.Final\jboss-jacc-api_1.4_spec-1.0.0.Final.jar;D:\Userfiles\kenarayan\.m2\repository\org\jboss\spec\javax\enterprise\deploy\jboss-jad-api_1.2_spec\1.0.0.Final\jboss-jad-api_1.2_spec-1.0.0.Final.jar;D:\Userfiles\kenarayan\.m2\repository\org\jboss\spec\javax\security\auth\message\jboss-jaspi-api_1.0_spec\1.0.0.Final\jboss-jaspi-api_1.0_spec-1.0.0.Final.jar;D:\Userfiles\kenarayan\.m2\repository\org\jboss\spec\javax\xml\registry\jboss-jaxr-api_1.0_spec\1.0.0.Final\jboss-jaxr-api_1.0_spec-1.0.0.Final.jar;D:\Userfiles\kenarayan\.m2\repository\org\jboss\spec\javax\jms\jboss-jms-api_1.1_spec\1.0.0.Final\jboss-jms-api_1.1_spec-1.0.0.Final.jar;D:\Userfiles\kenarayan\.m2\repository\org\jboss\spec\javax\servlet\jsp\jboss-jsp-api_2.2_spec\1.0.0.Final\jboss-jsp-api_2.2_spec-1.0.0.Final.jar;D:\Userfiles\kenarayan\.m2\repository\org\jboss\spec\javax\servlet\jboss-servlet-api_3.0_spec\1.0.0.Final\jboss-servlet-api_3.0_spec-1.0.0.Final.jar;D:\Userfiles\kenarayan\.m2\repository\org\jboss\spec\javax\transaction\jboss-transaction-api_1.1_spec\1.0.0.Final\jboss-transaction-api_1.1_spec-1.0.0.Final.jar;D:\Userfiles\kenarayan\.m2\repository\org\jboss\spec\javax\xml\bind\jboss-jaxb-api_2.2_spec\1.0.0.Final\jboss-jaxb-api_2.2_spec-1.0.0.Final.jar;D:\Userfiles\kenarayan\.m2\repository\org\jboss\spec\javax\xml\rpc\jboss-jaxrpc-api_1.1_spec\1.0.0.Final\jboss-jaxrpc-api_1.1_spec-1.0.0.Final.jar;D:\Userfiles\kenarayan\.m2\repository\org\jboss\spec\javax\xml\soap\jboss-saaj-api_1.3_spec\1.0.0.Final\jboss-saaj-api_1.3_spec-1.0.0.Final.jar;D:\Userfiles\kenarayan\.m2\repository\org\jboss\spec\javax\xml\ws\jboss-jaxws-api_2.2_spec\1.0.0.Final\jboss-jaxws-api_2.2_spec-1.0.0.Final.jar;D:\Userfiles\kenarayan\.m2\repository\javax\activation\activation\1.1\activation-1.1.jar;D:\Userfiles\kenarayan\.m2\repository\javax\enterprise\cdi-api\1.0-SP4\cdi-api-1.0-SP4.jar;D:\Userfiles\kenarayan\.m2\repository\com\sun\faces\jsf-api\2.0.3-b05\jsf-api-2.0.3-b05.jar;D:\Userfiles\kenarayan\.m2\repository\javax\inject\javax.inject\1\javax.inject-1.jar;D:\Userfiles\kenarayan\.m2\repository\javax\jws\jsr181-api\1.0-MR1\jsr181-api-1.0-MR1.jar;D:\Userfiles\kenarayan\.m2\repository\javax\mail\mail\1.4.2\mail-1.4.2.jar;D:\Userfiles\kenarayan\.m2\repository\javax\servlet\jstl\1.2\jstl-1.2.jar;D:\Userfiles\kenarayan\.m2\repository\org\hibernate\javax\persistence\hibernate-jpa-2.0-api\1.0.0.Final\hibernate-jpa-2.0-api-1.0.0.Final.jar;D:\Userfiles\kenarayan\.m2\repository\org\jboss\resteasy\jaxrs-api\2.1.0.GA\jaxrs-api-2.1.0.GA.jar;D:\Userfiles\kenarayan\.m2\repository\stax\stax-api\1.0.1\stax-api-1.0.1.jar;D:\Userfiles\kenarayan\.m2\repository\javax\validation\validation-api\1.0.0.GA\validation-api-1.0.0.GA.jar;D:\Userfiles\kenarayan\.m2\repository\junit\junit\4.10\junit-4.10.jar;D:\Userfiles\kenarayan\.m2\repository\org\hamcrest\hamcrest-core\1.1\hamcrest-core-1.1.jar;D:\Userfiles\kenarayan\.m2\repository\org\mockito\mockito-all\1.9.5\mockito-all-1.9.5.jar;D:\Userfiles\kenarayan\.m2\repository\org\springframework\spring-beans\3.2.5.RELEASE\spring-beans-3.2.5.RELEASE.jar;D:\Userfiles\kenarayan\.m2\repository\org\springframework\spring-core\3.2.5.RELEASE\spring-core-3.2.5.RELEASE.jar;D:\Userfiles\kenarayan\.m2\repository\commons-logging\commons-logging\1.1.1\commons-logging-1.1.1.jar;D:\Userfiles\kenarayan\.m2\repository\org\springframework\spring-aop\3.2.5.RELEASE\spring-aop-3.2.5.RELEASE.jar;D:\Userfiles\kenarayan\.m2\repository\aopalliance\aopalliance\1.0\aopalliance-1.0.jar;D:\Userfiles\kenarayan\.m2\repository\org\springframework\spring-webmvc\3.2.5.RELEASE\spring-webmvc-3.2.5.RELEASE.jar;D:\Userfiles\kenarayan\.m2\repository\org\springframework\spring-expression\3.2.5.RELEASE\spring-expression-3.2.5.RELEASE.jar;D:\Userfiles\kenarayan\.m2\repository\org\springframework\spring-web\3.2.5.RELEASE\spring-web-3.2.5.RELEASE.jar;D:\Userfiles\kenarayan\.m2\repository\org\springframework\spring-context\3.2.5.RELEASE\spring-context-3.2.5.RELEASE.jar;"/>
    <property name="java.specification.name" value="Java Platform API Specification"/>
    <property name="java.class.version" value="51.0"/>
    <property name="sun.management.compiler" value="HotSpot Client Compiler"/>
    <property name="os.version" value="6.1"/>
    <property name="user.home" value="D:\Userfiles\kenarayan"/>
    <property name="user.timezone" value=""/>
    <property name="java.awt.printerjob" value="sun.awt.windows.WPrinterJob"/>
    <property name="java.specification.version" value="1.7"/>
    <property name="file.encoding" value="Cp1252"/>
    <property name="user.name" value="kenarayan"/>
    <property name="java.class.path" value="D:\Java_Workspace\ValidationDemo\target\test-classes;D:\Java_Workspace\ValidationDemo\target\classes;D:\Userfiles\kenarayan\.m2\repository\org\slf4j\slf4j-log4j12\1.5.6\slf4j-log4j12-1.5.6.jar;D:\Userfiles\kenarayan\.m2\repository\org\slf4j\slf4j-api\1.5.6\slf4j-api-1.5.6.jar;D:\Userfiles\kenarayan\.m2\repository\log4j\log4j\1.2.14\log4j-1.2.14.jar;D:\Userfiles\kenarayan\.m2\repository\org\hibernate\hibernate-validator-annotation-processor\4.1.0.Final\hibernate-validator-annotation-processor-4.1.0.Final.jar;D:\Userfiles\kenarayan\.m2\repository\org\hibernate\hibernate-validator\4.1.0.Final\hibernate-validator-4.1.0.Final.jar;D:\Userfiles\kenarayan\.m2\repository\org\jboss\spec\javax\annotation\jboss-annotations-api_1.1_spec\1.0.0.Final\jboss-annotations-api_1.1_spec-1.0.0.Final.jar;D:\Userfiles\kenarayan\.m2\repository\org\jboss\spec\javax\resource\jboss-connector-api_1.5_spec\1.0.0.Final\jboss-connector-api_1.5_spec-1.0.0.Final.jar;D:\Userfiles\kenarayan\.m2\repository\org\jboss\spec\javax\ejb\jboss-ejb-api_3.1_spec\1.0.0.Final\jboss-ejb-api_3.1_spec-1.0.0.Final.jar;D:\Userfiles\kenarayan\.m2\repository\javax\xml\jaxrpc-api\1.1\jaxrpc-api-1.1.jar;D:\Userfiles\kenarayan\.m2\repository\org\jboss\spec\javax\el\jboss-el-api_2.2_spec\1.0.0.Final\jboss-el-api_2.2_spec-1.0.0.Final.jar;D:\Userfiles\kenarayan\.m2\repository\org\jboss\spec\javax\interceptor\jboss-interceptors-api_1.1_spec\1.0.0.Final\jboss-interceptors-api_1.1_spec-1.0.0.Final.jar;D:\Userfiles\kenarayan\.m2\repository\org\jboss\spec\javax\security\jacc\jboss-jacc-api_1.4_spec\1.0.0.Final\jboss-jacc-api_1.4_spec-1.0.0.Final.jar;D:\Userfiles\kenarayan\.m2\repository\org\jboss\spec\javax\enterprise\deploy\jboss-jad-api_1.2_spec\1.0.0.Final\jboss-jad-api_1.2_spec-1.0.0.Final.jar;D:\Userfiles\kenarayan\.m2\repository\org\jboss\spec\javax\security\auth\message\jboss-jaspi-api_1.0_spec\1.0.0.Final\jboss-jaspi-api_1.0_spec-1.0.0.Final.jar;D:\Userfiles\kenarayan\.m2\repository\org\jboss\spec\javax\xml\registry\jboss-jaxr-api_1.0_spec\1.0.0.Final\jboss-jaxr-api_1.0_spec-1.0.0.Final.jar;D:\Userfiles\kenarayan\.m2\repository\org\jboss\spec\javax\jms\jboss-jms-api_1.1_spec\1.0.0.Final\jboss-jms-api_1.1_spec-1.0.0.Final.jar;D:\Userfiles\kenarayan\.m2\repository\org\jboss\spec\javax\servlet\jsp\jboss-jsp-api_2.2_spec\1.0.0.Final\jboss-jsp-api_2.2_spec-1.0.0.Final.jar;D:\Userfiles\kenarayan\.m2\repository\org\jboss\spec\javax\servlet\jboss-servlet-api_3.0_spec\1.0.0.Final\jboss-servlet-api_3.0_spec-1.0.0.Final.jar;D:\Userfiles\kenarayan\.m2\repository\org\jboss\spec\javax\transaction\jboss-transaction-api_1.1_spec\1.0.0.Final\jboss-transaction-api_1.1_spec-1.0.0.Final.jar;D:\Userfiles\kenarayan\.m2\repository\org\jboss\spec\javax\xml\bind\jboss-jaxb-api_2.2_spec\1.0.0.Final\jboss-jaxb-api_2.2_spec-1.0.0.Final.jar;D:\Userfiles\kenarayan\.m2\repository\org\jboss\spec\javax\xml\rpc\jboss-jaxrpc-api_1.1_spec\1.0.0.Final\jboss-jaxrpc-api_1.1_spec-1.0.0.Final.jar;D:\Userfiles\kenarayan\.m2\repository\org\jboss\spec\javax\xml\soap\jboss-saaj-api_1.3_spec\1.0.0.Final\jboss-saaj-api_1.3_spec-1.0.0.Final.jar;D:\Userfiles\kenarayan\.m2\repository\org\jboss\spec\javax\xml\ws\jboss-jaxws-api_2.2_spec\1.0.0.Final\jboss-jaxws-api_2.2_spec-1.0.0.Final.jar;D:\Userfiles\kenarayan\.m2\repository\javax\activation\activation\1.1\activation-1.1.jar;D:\Userfiles\kenarayan\.m2\repository\javax\enterprise\cdi-api\1.0-SP4\cdi-api-1.0-SP4.jar;D:\Userfiles\kenarayan\.m2\repository\com\sun\faces\jsf-api\2.0.3-b05\jsf-api-2.0.3-b05.jar;D:\Userfiles\kenarayan\.m2\repository\javax\inject\javax.inject\1\javax.inject-1.jar;D:\Userfiles\kenarayan\.m2\repository\javax\jws\jsr181-api\1.0-MR1\jsr181-api-1.0-MR1.jar;D:\Userfiles\kenarayan\.m2\repository\javax\mail\mail\1.4.2\mail-1.4.2.jar;D:\Userfiles\kenarayan\.m2\repository\javax\servlet\jstl\1.2\jstl-1.2.jar;D:\Userfiles\kenarayan\.m2\repository\org\hibernate\javax\persistence\hibernate-jpa-2.0-api\1.0.0.Final\hibernate-jpa-2.0-api-1.0.0.Final.jar;D:\Userfiles\kenarayan\.m2\repository\org\jboss\resteasy\jaxrs-api\2.1.0.GA\jaxrs-api-2.1.0.GA.jar;D:\Userfiles\kenarayan\.m2\repository\stax\stax-api\1.0.1\stax-api-1.0.1.jar;D:\Userfiles\kenarayan\.m2\repository\javax\validation\validation-api\1.0.0.GA\validation-api-1.0.0.GA.jar;D:\Userfiles\kenarayan\.m2\repository\junit\junit\4.10\junit-4.10.jar;D:\Userfiles\kenarayan\.m2\repository\org\hamcrest\hamcrest-core\1.1\hamcrest-core-1.1.jar;D:\Userfiles\kenarayan\.m2\repository\org\mockito\mockito-all\1.9.5\mockito-all-1.9.5.jar;D:\Userfiles\kenarayan\.m2\repository\org\springframework\spring-beans\3.2.5.RELEASE\spring-beans-3.2.5.RELEASE.jar;D:\Userfiles\kenarayan\.m2\repository\org\springframework\spring-core\3.2.5.RELEASE\spring-core-3.2.5.RELEASE.jar;D:\Userfiles\kenarayan\.m2\repository\commons-logging\commons-logging\1.1.1\commons-logging-1.1.1.jar;D:\Userfiles\kenarayan\.m2\repository\org\springframework\spring-aop\3.2.5.RELEASE\spring-aop-3.2.5.RELEASE.jar;D:\Userfiles\kenarayan\.m2\repository\aopalliance\aopalliance\1.0\aopalliance-1.0.jar;D:\Userfiles\kenarayan\.m2\repository\org\springframework\spring-webmvc\3.2.5.RELEASE\spring-webmvc-3.2.5.RELEASE.jar;D:\Userfiles\kenarayan\.m2\repository\org\springframework\spring-expression\3.2.5.RELEASE\spring-expression-3.2.5.RELEASE.jar;D:\Userfiles\kenarayan\.m2\repository\org\springframework\spring-web\3.2.5.RELEASE\spring-web-3.2.5.RELEASE.jar;D:\Userfiles\kenarayan\.m2\repository\org\springframework\spring-context\3.2.5.RELEASE\spring-context-3.2.5.RELEASE.jar;"/>
    <property name="java.vm.specification.version" value="1.7"/>
    <property name="sun.arch.data.model" value="32"/>
    <property name="java.home" value="D:\Java\jdk1.7.0.21\jre"/>
    <property name="sun.java.command" value="D:\Java_Workspace\ValidationDemo\target\surefire\surefirebooter242679132572803680.jar D:\Java_Workspace\ValidationDemo\target\surefire\surefire8934592770140538915tmp D:\Java_Workspace\ValidationDemo\target\surefire\surefire4304710183375798131tmp"/>
    <property name="java.specification.vendor" value="Oracle Corporation"/>
    <property name="user.language" value="en"/>
    <property name="awt.toolkit" value="sun.awt.windows.WToolkit"/>
    <property name="java.vm.info" value="mixed mode, sharing"/>
    <property name="java.version" value="1.7.0_21"/>
    <property name="java.ext.dirs" value="D:\Java\jdk1.7.0.21\jre\lib\ext;C:\windows\Sun\Java\lib\ext"/>
    <property name="sun.boot.class.path" value="D:\Java\jdk1.7.0.21\jre\lib\resources.jar;D:\Java\jdk1.7.0.21\jre\lib\rt.jar;D:\Java\jdk1.7.0.21\jre\lib\sunrsasign.jar;D:\Java\jdk1.7.0.21\jre\lib\jsse.jar;D:\Java\jdk1.7.0.21\jre\lib\jce.jar;D:\Java\jdk1.7.0.21\jre\lib\charsets.jar;D:\Java\jdk1.7.0.21\jre\lib\jfr.jar;D:\Java\jdk1.7.0.21\jre\classes"/>
    <property name="java.vendor" value="Oracle Corporation"/>
    <property name="localRepository" value="D:\Userfiles\kenarayan\.m2\repository"/>
    <property name="file.separator" value="\"/>
    <property name="java.vendor.url.bug" value="http://bugreport.sun.com/bugreport/"/>
    <property name="sun.cpu.endian" value="little"/>
    <property name="sun.io.unicode.encoding" value="UnicodeLittle"/>
    <property name="sun.desktop" value="windows"/>
    <property name="sun.cpu.isalist" value="pentium_pro+mmx pentium_pro pentium+mmx pentium i486 i386 i86"/>
  </properties>
  <testcase time="0.036" classname="com.annotation.constraint.validation.test.StringCaseValidationTest" name="shouldReturnErrorMessageWhenNameIsNotInUpperCase">
    <failure message="expected:&lt;[String should be in UPPER case]&gt; but was:&lt;[test failed]&gt;" type="org.junit.ComparisonFailure">org.junit.ComparisonFailure: expected:&lt;[String should be in UPPER case]&gt; but was:&lt;[test failed]&gt;
	at org.junit.Assert.assertEquals(Assert.java:125)
	at org.junit.Assert.assertEquals(Assert.java:147)
	at com.annotation.constraint.validation.test.StringCaseValidationTest.shouldReturnErrorMessageWhenNameIsNotInUpperCase(StringCaseValidationTest.java:32)
	at sun.reflect.NativeMethodAccessorImpl.invoke0(Native Method)
	at sun.reflect.NativeMethodAccessorImpl.invoke(NativeMethodAccessorImpl.java:57)
	at sun.reflect.DelegatingMethodAccessorImpl.invoke(DelegatingMethodAccessorImpl.java:43)
	at java.lang.reflect.Method.invoke(Method.java:601)
	at org.junit.runners.model.FrameworkMethod$1.runReflectiveCall(FrameworkMethod.java:45)
	at org.junit.internal.runners.model.ReflectiveCallable.run(ReflectiveCallable.java:15)
	at org.junit.runners.model.FrameworkMethod.invokeExplosively(FrameworkMethod.java:42)
	at org.junit.internal.runners.statements.InvokeMethod.evaluate(InvokeMethod.java:20)
	at org.junit.runners.ParentRunner.runLeaf(ParentRunner.java:263)
	at org.junit.runners.BlockJUnit4ClassRunner.runChild(BlockJUnit4ClassRunner.java:68)
	at org.junit.runners.BlockJUnit4ClassRunner.runChild(BlockJUnit4ClassRunner.java:47)
	at org.junit.runners.ParentRunner$3.run(ParentRunner.java:231)
	at org.junit.runners.ParentRunner$1.schedule(ParentRunner.java:60)
	at org.junit.runners.ParentRunner.runChildren(ParentRunner.java:229)
	at org.junit.runners.ParentRunner.access$000(ParentRunner.java:50)
	at org.junit.runners.ParentRunner$2.evaluate(ParentRunner.java:222)
	at org.junit.internal.runners.statements.RunBefores.evaluate(RunBefores.java:28)
	at org.junit.runners.ParentRunner.run(ParentRunner.java:300)
	at org.apache.maven.surefire.junit4.JUnit4TestSet.execute(JUnit4TestSet.java:35)
	at org.apache.maven.surefire.junit4.JUnit4Provider.executeTestSet(JUnit4Provider.java:146)
	at org.apache.maven.surefire.junit4.JUnit4Provider.invoke(JUnit4Provider.java:97)
	at sun.reflect.NativeMethodAccessorImpl.invoke0(Native Method)
	at sun.reflect.NativeMethodAccessorImpl.invoke(NativeMethodAccessorImpl.java:57)
	at sun.reflect.DelegatingMethodAccessorImpl.invoke(DelegatingMethodAccessorImpl.java:43)
	at java.lang.reflect.Method.invoke(Method.java:601)
	at org.apache.maven.surefire.booter.ProviderFactory$ClassLoaderProxy.invoke(ProviderFactory.java:103)
	at com.sun.proxy.$Proxy0.invoke(Unknown Source)
	at org.apache.maven.surefire.booter.SurefireStarter.invokeProvider(SurefireStarter.java:145)
	at org.apache.maven.surefire.booter.SurefireStarter.runSuitesInProcess(SurefireStarter.java:87)
	at org.apache.maven.surefire.booter.ForkedBooter.main(ForkedBooter.java:69)
</failure>
    <system-out>@HL
@HL-------------------------------------------------------
@HL T E S T S
@HL-------------------------------------------------------
@SLRunning com.annotation.constraint.validation.test.StringCaseValidationTest
</system-out>
    <system-err>log4j:WARN No appenders could be found for logger (org.hibernate.validator.util.Version).
log4j:WARN Please initialize the log4j system properly.
</system-err>
  </testcase>
</testsuite>